<?xml version="1.0" encoding="UTF-8"?>
<testsuite name="sismpleTestGame.cli.testCLIMain" tests="2" skipped="0" failures="0" errors="0" timestamp="2016-01-14T15:33:22" hostname="Kevins-MacBook-Pro.local" time="0.029">
  <properties/>
  <testcase name="TestGame" classname="sismpleTestGame.cli.testCLIMain" time="0.01"/>
  <testcase name="TestGamePawn" classname="sismpleTestGame.cli.testCLIMain" time="0.019"/>
  <system-out><![CDATA[]]></system-out>
  <system-err><![CDATA[]]></system-err>
</testsuite>
